{"content": {"suites": {"0": {"status": {"total_pass": 2, "total_skip": 0, "total_xpass": 0, "total_xfail": 0, "total_rerun": 0, "total_fail": 4, "total_error": 0}, "tests": {"0": {"status": "PASS", "message": "", "test_name": "test_addition[2-3-5]", "rerun": "0"}, "1": {"status": "PASS", "message": "", "test_name": "test_addition[30-50-80]", "rerun": "0"}, "2": {"status": "FAIL", "message": "   assert 80 == 90\n     +80\n     -90\n", "test_name": "test_addition[40-40-90]", "rerun": "0"}, "3": {"status": "FAIL", "message": "   selenium.common.exceptions.NoSuchElementException: Message: no such element: Unable to locate element: {\"method\":\"css selector\",\"selector\":\"[id=\"username\"]\"}\n     (Session info: chrome=90.0.4430.85)\n", "test_name": "test_login_functionality[user1-password1]", "rerun": "0"}, "4": {"status": "FAIL", "message": "   selenium.common.exceptions.NoSuchElementException: Message: no such element: Unable to locate element: {\"method\":\"css selector\",\"selector\":\"[id=\"username\"]\"}\n     (Session info: chrome=90.0.4430.85)\n", "test_name": "test_login_functionality[user2-password2]", "rerun": "0"}, "5": {"status": "FAIL", "message": "   selenium.common.exceptions.NoSuchElementException: Message: no such element: Unable to locate element: {\"method\":\"css selector\",\"selector\":\"[id=\"username\"]\"}\n     (Session info: chrome=90.0.4430.85)\n", "test_name": "test_login_functionality[user3-password3]", "rerun": "0"}}, "suite_name": "test_paramitize_function.py"}}}, "date": "April 26, 2021", "start_time": 1619450478, "total_suite": 1, "status": "FAIL", "status_list": {"pass": "2", "fail": "4", "skip": "0", "error": "0", "xpass": "0", "xfail": "0", "rerun": "0"}, "total_tests": "6"}