{"content": {"suites": {"0": {"status": {"total_pass": 1, "total_skip": 0, "total_xpass": 0, "total_xfail": 0, "total_rerun": 0, "total_fail": 2, "total_error": 0}, "tests": {"0": {"status": "FAIL", "message": "   selenium.common.exceptions.NoSuchElementException: Message: no such element: Unable to locate element: {\"method\":\"css selector\",\"selector\":\"[name=\"travname\"]\"}\n     (Session info: chrome=89.0.4389.114)\n", "test_name": "test_provide_user_surname", "rerun": "0"}, "1": {"status": "FAIL", "message": "   selenium.common.exceptions.NoSuchElementException: Message: no such element: Unable to locate element: {\"method\":\"css selector\",\"selector\":\"[id=\"billname\"]\"}\n     (Session info: chrome=89.0.4389.114)\n", "test_name": "test_Add_bill_name", "rerun": "0"}, "2": {"status": "PASS", "message": "", "test_name": "test_close_browser", "rerun": "0"}}, "suite_name": "test_pytest_selenium.py"}}}, "date": "April 19, 2021", "start_time": 1618845800, "total_suite": 1, "status": "FAIL", "status_list": {"pass": "1", "fail": "2", "skip": "0", "error": "0", "xpass": "0", "xfail": "0", "rerun": "0"}, "total_tests": "3"}